<?xml version="1.0" encoding="UTF-8"?>
<!-- Generated by org.testng.reporters.JUnitReportReporter -->
<testsuite hostname="DESKTOP-STEEH5S" failures="0" tests="7" name="runners.MainRunner" time="30.279" errors="0" timestamp="2022-03-28T16:51:42 EEST" skipped="0">
  <testcase classname="runners.MainRunner" name="runScenario" time="4.959"/>
  <system-out/>
  <testcase classname="runners.MainRunner" name="runScenario" time="4.820"/>
  <system-out/>
  <testcase classname="runners.MainRunner" name="runScenario" time="5.910"/>
  <system-out/>
  <testcase classname="runners.MainRunner" name="runScenario" time="1.722"/>
  <system-out/>
  <testcase classname="runners.MainRunner" name="runScenario" time="1.955"/>
  <system-out/>
  <testcase classname="runners.MainRunner" name="runScenario" time="6.034"/>
  <system-out/>
  <testcase classname="runners.MainRunner" name="runScenario" time="4.879"/>
  <system-out/>
</testsuite> <!-- runners.MainRunner -->
