<?xml version="1.0" encoding="UTF-8"?>
<!-- Generated by org.testng.reporters.JUnitReportReporter -->
<testsuite hostname="DESKTOP-STEEH5S" failures="0" tests="10" name="runners.MainRunner" time="18.726" errors="0" timestamp="2022-03-29T16:27:07 EEST" skipped="0">
  <testcase classname="runners.MainRunner" name="runScenario" time="1.582"/>
  <system-out/>
  <testcase classname="runners.MainRunner" name="runScenario" time="1.558"/>
  <system-out/>
  <testcase classname="runners.MainRunner" name="runScenario" time="1.565"/>
  <system-out/>
  <testcase classname="runners.MainRunner" name="runScenario" time="1.695"/>
  <system-out/>
  <testcase classname="runners.MainRunner" name="runScenario" time="1.615"/>
  <system-out/>
  <testcase classname="runners.MainRunner" name="runScenario" time="1.819"/>
  <system-out/>
  <testcase classname="runners.MainRunner" name="runScenario" time="2.298"/>
  <system-out/>
  <testcase classname="runners.MainRunner" name="runScenario" time="2.678"/>
  <system-out/>
  <testcase classname="runners.MainRunner" name="runScenario" time="2.344"/>
  <system-out/>
  <testcase classname="runners.MainRunner" name="runScenario" time="1.572"/>
  <system-out/>
</testsuite> <!-- runners.MainRunner -->
