<?xml version="1.0" encoding="UTF-8"?>
<!-- Generated by org.testng.reporters.JUnitReportReporter -->
<testsuite hostname="DESKTOP-STEEH5S" failures="0" tests="9" name="runners.MainRunner" time="18.679" errors="0" timestamp="2022-03-28T20:37:52 EEST" skipped="0">
  <testcase classname="runners.MainRunner" name="runScenario" time="1.511"/>
  <system-out/>
  <testcase classname="runners.MainRunner" name="runScenario" time="1.610"/>
  <system-out/>
  <testcase classname="runners.MainRunner" name="runScenario" time="3.338"/>
  <system-out/>
  <testcase classname="runners.MainRunner" name="runScenario" time="2.327"/>
  <system-out/>
  <testcase classname="runners.MainRunner" name="runScenario" time="1.450"/>
  <system-out/>
  <testcase classname="runners.MainRunner" name="runScenario" time="2.075"/>
  <system-out/>
  <testcase classname="runners.MainRunner" name="runScenario" time="2.228"/>
  <system-out/>
  <testcase classname="runners.MainRunner" name="runScenario" time="2.658"/>
  <system-out/>
  <testcase classname="runners.MainRunner" name="runScenario" time="1.482"/>
  <system-out/>
</testsuite> <!-- runners.MainRunner -->
