<?xml version="1.0" encoding="UTF-8"?>
<!-- Generated by org.testng.reporters.JUnitReportReporter -->
<testsuite hostname="DESKTOP-STEEH5S" failures="0" tests="12" name="runners.MainRunner" time="0.830" errors="0" timestamp="2022-07-22T16:36:42 EEST" skipped="0">
  <testcase classname="runners.MainRunner" name="runScenario" time="0.134"/>
  <system-out/>
  <testcase classname="runners.MainRunner" name="runScenario" time="0.015"/>
  <system-out/>
  <testcase classname="runners.MainRunner" name="runScenario" time="0.031"/>
  <system-out/>
  <testcase classname="runners.MainRunner" name="runScenario" time="0.134"/>
  <system-out/>
  <testcase classname="runners.MainRunner" name="runScenario" time="0.027"/>
  <system-out/>
  <testcase classname="runners.MainRunner" name="runScenario" time="0.134"/>
  <system-out/>
  <testcase classname="runners.MainRunner" name="runScenario" time="0.134"/>
  <system-out/>
  <testcase classname="runners.MainRunner" name="runScenario" time="0.029"/>
  <system-out/>
  <testcase classname="runners.MainRunner" name="runScenario" time="0.017"/>
  <system-out/>
  <testcase classname="runners.MainRunner" name="runScenario" time="0.134"/>
  <system-out/>
  <testcase classname="runners.MainRunner" name="runScenario" time="0.020"/>
  <system-out/>
  <testcase classname="runners.MainRunner" name="runScenario" time="0.021"/>
  <system-out/>
</testsuite> <!-- runners.MainRunner -->
