<?xml version="1.0" encoding="UTF-8"?>
<!-- Generated by org.testng.reporters.JUnitReportReporter -->
<testsuite hostname="DESKTOP-STEEH5S" failures="0" tests="1" name="runners.MainRunner" time="11.717" errors="0" timestamp="2022-05-03T21:03:17 EEST" skipped="0">
  <testcase classname="runners.MainRunner" name="runScenario" time="11.717"/>
  <system-out/>
</testsuite> <!-- runners.MainRunner -->
